This is pdfTeX, Version 3.14159265-2.6-1.40.21 (MiKTeX 20.6.29) (preloaded format=pdflatex 2020.7.10)  11 JUL 2020 11:41
entering extended mode
**./essay.tex
(essay.tex
LaTeX2e <2020-02-02> patch level 5
L3 programming layer <2020-06-18>
("C:\Users\Default.LAPTOP-G1M9586J\AppData\Local\Programs\MiKTeX 2.9\tex/latex/
base\article.cls"
Document Class: article 2019/12/20 v1.4l Standard LaTeX document class

("C:\Users\Default.LAPTOP-G1M9586J\AppData\Local\Programs\MiKTeX 2.9\tex/latex/
base\size12.clo"
File: size12.clo 2019/12/20 v1.4l Standard LaTeX file (size option)
)
\c@part=\count167
\c@section=\count168
\c@subsection=\count169
\c@subsubsection=\count170
\c@paragraph=\count171
\c@subparagraph=\count172
\c@figure=\count173
\c@table=\count174
\abovecaptionskip=\skip47
\belowcaptionskip=\skip48
\bibindent=\dimen134
)
("C:\Users\Default.LAPTOP-G1M9586J\AppData\Local\Programs\MiKTeX 2.9\tex/latex/
comment\comment.sty"
\CommentStream=\write3
 Excluding comment 'comment')
("C:\Users\Default.LAPTOP-G1M9586J\AppData\Local\Programs\MiKTeX 2.9\tex/latex/
lipsum\lipsum.sty"
("C:\Users\Default.LAPTOP-G1M9586J\AppData\Local\Programs\MiKTeX 2.9\tex/latex/
l3kernel\expl3.sty"
Package: expl3 2020-06-18 L3 programming layer (loader) 

("C:\Users\Default.LAPTOP-G1M9586J\AppData\Local\Programs\MiKTeX 2.9\tex/latex/
l3backend\l3backend-pdfmode.def"
File: l3backend-pdfmode.def 2020-06-29 L3 backend support: PDF mode
\l__kernel_color_stack_int=\count175
\l__pdf_internal_box=\box45
))
("C:\Users\Default.LAPTOP-G1M9586J\AppData\Local\Programs\MiKTeX 2.9\tex/latex/
l3packages/xparse\xparse.sty"
Package: xparse 2020-05-15 L3 Experimental document command parser

("C:\Users\Default.LAPTOP-G1M9586J\AppData\Local\Programs\MiKTeX 2.9\tex/latex/
l3packages/xparse\xparse-generic.tex"
\l__xparse_current_arg_int=\count176
\g__xparse_grabber_int=\count177
\l__xparse_m_args_int=\count178
\l__xparse_v_nesting_int=\count179
))
Package: lipsum 2019/01/02 v2.2 150 paragraphs of Lorem Ipsum dummy text

("C:\Users\Default.LAPTOP-G1M9586J\AppData\Local\Programs\MiKTeX 2.9\tex/latex/
lipsum\lipsum.ltd.tex"
File: lipsum.ltd.tex 2019/01/02 v2.2 The Lorem ipsum dummy text
))
("C:\Users\Default.LAPTOP-G1M9586J\AppData\Local\Programs\MiKTeX 2.9\tex/latex/
graphics\graphicx.sty"
Package: graphicx 2019/11/30 v1.2a Enhanced LaTeX Graphics (DPC,SPQR)

("C:\Users\Default.LAPTOP-G1M9586J\AppData\Local\Programs\MiKTeX 2.9\tex/latex/
graphics\keyval.sty"
Package: keyval 2014/10/28 v1.15 key=value parser (DPC)
\KV@toks@=\toks15
)
("C:\Users\Default.LAPTOP-G1M9586J\AppData\Local\Programs\MiKTeX 2.9\tex/latex/
graphics\graphics.sty"
Package: graphics 2019/11/30 v1.4a Standard LaTeX Graphics (DPC,SPQR)

("C:\Users\Default.LAPTOP-G1M9586J\AppData\Local\Programs\MiKTeX 2.9\tex/latex/
graphics\trig.sty"
Package: trig 2016/01/03 v1.10 sin cos tan (DPC)
)
("C:\Users\Default.LAPTOP-G1M9586J\AppData\Local\Programs\MiKTeX 2.9\tex/latex/
graphics-cfg\graphics.cfg"
File: graphics.cfg 2016/06/04 v1.11 sample graphics configuration
)
Package graphics Info: Driver file: pdftex.def on input line 105.

("C:\Users\Default.LAPTOP-G1M9586J\AppData\Local\Programs\MiKTeX 2.9\tex/latex/
graphics-def\pdftex.def"
File: pdftex.def 2018/01/08 v1.0l Graphics/color driver for pdftex
))
\Gin@req@height=\dimen135
\Gin@req@width=\dimen136
)
("C:\Users\Default.LAPTOP-G1M9586J\AppData\Local\Programs\MiKTeX 2.9\tex/latex/
wrapfig\wrapfig.sty"
\wrapoverhang=\dimen137
\WF@size=\dimen138
\c@WF@wrappedlines=\count180
\WF@box=\box46
\WF@everypar=\toks16
Package: wrapfig 2003/01/31  v 3.6
)
("C:\Users\Default.LAPTOP-G1M9586J\AppData\Local\Programs\MiKTeX 2.9\tex/latex/
preprint\fullpage.sty"
Package: fullpage 1999/02/23 1.1 (PWD)
\FP@margin=\skip49
)
("C:\Users\Default.LAPTOP-G1M9586J\AppData\Local\Programs\MiKTeX 2.9\tex/latex/
natbib\natbib.sty"
Package: natbib 2010/09/13 8.31b (PWD, AO)
\bibhang=\skip50
\bibsep=\skip51
LaTeX Info: Redefining \cite on input line 694.
\c@NAT@ctr=\count181
)
("C:\Users\Default.LAPTOP-G1M9586J\AppData\Local\Programs\MiKTeX 2.9\tex/latex/
url\url.sty"
\Urlmuskip=\muskip16
Package: url 2013/09/16  ver 3.4  Verb mode for urls, etc.
)
("C:\Users\Default.LAPTOP-G1M9586J\AppData\Local\Programs\MiKTeX 2.9\tex/latex/
float\float.sty"
Package: float 2001/11/08 v1.3d Float enhancements (AL)
\c@float@type=\count182
\float@exts=\toks17
\float@box=\box47
\@float@everytoks=\toks18
\@floatcapt=\box48
) (essay.aux)
\openout1 = `essay.aux'.

LaTeX Font Info:    Checking defaults for OML/cmm/m/it on input line 15.
LaTeX Font Info:    ... okay on input line 15.
LaTeX Font Info:    Checking defaults for OMS/cmsy/m/n on input line 15.
LaTeX Font Info:    ... okay on input line 15.
LaTeX Font Info:    Checking defaults for OT1/cmr/m/n on input line 15.
LaTeX Font Info:    ... okay on input line 15.
LaTeX Font Info:    Checking defaults for T1/cmr/m/n on input line 15.
LaTeX Font Info:    ... okay on input line 15.
LaTeX Font Info:    Checking defaults for TS1/cmr/m/n on input line 15.
LaTeX Font Info:    ... okay on input line 15.
LaTeX Font Info:    Checking defaults for OMX/cmex/m/n on input line 15.
LaTeX Font Info:    ... okay on input line 15.
LaTeX Font Info:    Checking defaults for U/cmr/m/n on input line 15.
LaTeX Font Info:    ... okay on input line 15.

("C:\Users\Default.LAPTOP-G1M9586J\AppData\Local\Programs\MiKTeX 2.9\tex/contex
t/base/mkii\supp-pdf.mkii"
[Loading MPS to PDF converter (version 2006.09.02).]
\scratchcounter=\count183
\scratchdimen=\dimen139
\scratchbox=\box49
\nofMPsegments=\count184
\nofMParguments=\count185
\everyMPshowfont=\toks19
\MPscratchCnt=\count186
\MPscratchDim=\dimen140
\MPnumerator=\count187
\makeMPintoPDFobject=\count188
\everyMPtoPDFconversion=\toks20
)
("C:\Users\Default.LAPTOP-G1M9586J\AppData\Local\Programs\MiKTeX 2.9\tex/latex/
epstopdf-pkg\epstopdf-base.sty"
Package: epstopdf-base 2020-01-24 v2.11 Base part for package epstopdf
Package epstopdf-base Info: Redefining graphics rule for `.eps' on input line 4
85.
)
Underfull \hbox (badness 10000) in paragraph at lines 16--20

 []


Underfull \hbox (badness 10000) in paragraph at lines 16--20

 []


Underfull \hbox (badness 10000) in paragraph at lines 29--30

 []

<images/neuron.png, id=1, 408.02437pt x 225.84375pt>
File: images/neuron.png Graphic file (type png)
<use images/neuron.png>
Package pdftex.def Info: images/neuron.png  used on input line 49.
(pdftex.def)             Requested size: 326.41994pt x 180.67523pt.
[1

{C:/Users/Default.LAPTOP-G1M9586J/AppData/Local/MiKTeX/2.9/pdftex/config/pdftex
.map}]
<images/perceptron.jpg, id=10, 670.505pt x 406.51875pt>
File: images/perceptron.jpg Graphic file (type jpg)
<use images/perceptron.jpg>
Package pdftex.def Info: images/perceptron.jpg  used on input line 60.
(pdftex.def)             Requested size: 402.3061pt x 243.91312pt.
 [2 <./images/neuron.png> <./images/perceptron.jpg>] [3] (essay.bbl
LaTeX Font Info:    External font `cmex10' loaded for size
(Font)              <12> on input line 7.
LaTeX Font Info:    External font `cmex10' loaded for size
(Font)              <8> on input line 7.
LaTeX Font Info:    External font `cmex10' loaded for size
(Font)              <6> on input line 7.

Underfull \hbox (badness 10000) in paragraph at lines 4--9
[]\OT1/cmr/m/n/12 Nagesh Singh Chauhan.  In-tro-duc-tion to ar-ti-fi-cial neu-
 []


Underfull \hbox (badness 10000) in paragraph at lines 4--9
\OT1/cmr/m/n/12 ral net-works(ann).  $\OT1/cmtt/m/n/12 https : / / towardsdatas
cience . com /
 []


Underfull \hbox (badness 10000) in paragraph at lines 4--9
\OT1/cmtt/m/n/12 introduction-[]to-[]artificial-[]neural-[]networks-[]ann-[]1ae
a15775ef9$\OT1/cmr/m/n/12 , Oc-to-ber
 []

) [4] (essay.aux) ) 
Here is how much of TeX's memory you used:
 2356 strings out of 480790
 43596 string characters out of 2886951
 440845 words of memory out of 3000000
 18356 multiletter control sequences out of 15000+200000
 537446 words of font info for 41 fonts, out of 3000000 for 9000
 1141 hyphenation exceptions out of 8191
 36i,6n,36p,935b,336s stack positions out of 5000i,500n,10000p,200000b,50000s
 <C:\Users\Default.LAPTOP-G1M9586J\AppData\Local\MiKTeX\2.9\
fonts/pk/ljfour/jknappen/ec/dpi600\tcrm1200.pk><C:/Users/Default.LAPTOP-G1M9586
J/AppData/Local/Programs/MiKTeX 2.9/fonts/type1/public/amsfonts/cm/cmbx12.pfb><
C:/Users/Default.LAPTOP-G1M9586J/AppData/Local/Programs/MiKTeX 2.9/fonts/type1/
public/amsfonts/cm/cmr12.pfb><C:/Users/Default.LAPTOP-G1M9586J/AppData/Local/Pr
ograms/MiKTeX 2.9/fonts/type1/public/amsfonts/cm/cmti12.pfb><C:/Users/Default.L
APTOP-G1M9586J/AppData/Local/Programs/MiKTeX 2.9/fonts/type1/public/amsfonts/cm
/cmtt12.pfb>
Output written on essay.pdf (4 pages, 170432 bytes).
PDF statistics:
 40 PDF objects out of 1000 (max. 8388607)
 0 named destinations out of 1000 (max. 500000)
 11 words of extra memory for PDF output out of 10000 (max. 10000000)

